<html>
<body>
<pre>
<h1>Vision Build Log</h1>
<h2>Project:</h2>
D:\0LEARNINGFILES\LEARN\CSTech\STC-B\中期检查\GX_Codes\9-时钟\miaobiao.uvproj
Project File Date:  06/30/2022

<h2>Output:</h2>

InitXmlModel(): using folder 'D:\KEIL MDK\ARM\PACK'
Parsing RTE Files ... 
failed.
Build target 'Target 1'
compiling main.c...
source\main.c(24): warning C206: 'KeyInit': missing function-prototype
source\main.c(38): error C141: syntax error near '.'
source\main.c(38): error C202: 'min': undefined identifier
source\main.c(38): error C141: syntax error near 'time'
source\main.c(38): error C141: syntax error near 'time'
source\main.c(43): error C141: syntax error near '.'
source\main.c(43): error C202: 'msec': undefined identifier
source\main.c(44): error C141: syntax error near 'time'
source\main.c(45): error C141: syntax error near '.'
source\main.c(45): error C202: 'msec': undefined identifier
source\main.c(46): error C141: syntax error near 'time'
source\main.c(46): error C202: 'sec': undefined identifier
source\main.c(48): error C141: syntax error near 'time'
source\main.c(49): error C141: syntax error near '.'
source\main.c(49): error C202: 'sec': undefined identifier
source\main.c(50): error C141: syntax error near 'time'
source\main.c(50): error C202: 'min': undefined identifier
source\main.c(52): error C141: syntax error near 'time'
source\main.c(53): error C141: syntax error near '.'
source\main.c(53): error C202: 'min': undefined identifier
source\main.c(65): error C141: syntax error near 'time'
Target not created
Build target 'Target 1'
compiling main.c...
source\main.c(14): error C231: 'time': redefinition
Target not created
Build target 'Target 1'
compiling main.c...
source\main.c(25): warning C206: 'KeyInit': missing function-prototype
source\main.c(39): error C141: syntax error near '.'
source\main.c(39): error C202: 'min': undefined identifier
source\main.c(39): error C141: syntax error near 'time'
source\main.c(39): error C141: syntax error near 'time'
source\main.c(44): error C141: syntax error near '.'
source\main.c(44): error C202: 'msec': undefined identifier
source\main.c(45): error C141: syntax error near 'time'
source\main.c(46): error C141: syntax error near '.'
source\main.c(46): error C202: 'msec': undefined identifier
source\main.c(47): error C141: syntax error near 'time'
source\main.c(47): error C202: 'sec': undefined identifier
source\main.c(49): error C141: syntax error near 'time'
source\main.c(50): error C141: syntax error near '.'
source\main.c(50): error C202: 'sec': undefined identifier
source\main.c(51): error C141: syntax error near 'time'
source\main.c(51): error C202: 'min': undefined identifier
source\main.c(53): error C141: syntax error near 'time'
source\main.c(54): error C141: syntax error near '.'
source\main.c(54): error C202: 'min': undefined identifier
source\main.c(66): error C141: syntax error near 'time'
Target not created
Build target 'Target 1'
compiling main.c...
source\main.c(12): error C129: missing ';' before 'time'
Target not created
Build target 'Target 1'
compiling main.c...
source\main.c(14): error C129: missing ';' before 'time'
Target not created
Rebuild target 'Target 1'
assembling STARTUP.A51...
compiling main.c...
source\main.c(14): error C129: missing ';' before 'time'
Target not created
Build target 'Target 1'
compiling main.c...
source\main.c(14): error C129: missing ';' before 'time'
Target not created
Build target 'Target 1'
compiling main.c...
source\main.c(25): warning C206: 'KeyInit': missing function-prototype
linking...
*** WARNING L16: UNCALLED SEGMENT, IGNORED FOR OVERLAY PROCESS
    SEGMENT: ?PR?GETULTRASONIC?SYS
*** WARNING L16: UNCALLED SEGMENT, IGNORED FOR OVERLAY PROCESS
    SEGMENT: ?PR?GETBEEPTIMER?SYS
*** WARNING L16: UNCALLED SEGMENT, IGNORED FOR OVERLAY PROCESS
    SEGMENT: ?PR?_SETBEEPTIMER?SYS
*** WARNING L16: UNCALLED SEGMENT, IGNORED FOR OVERLAY PROCESS
    SEGMENT: ?PR?_SETCCP0?SYS
*** WARNING L16: UNCALLED SEGMENT, IGNORED FOR OVERLAY PROCESS
    SEGMENT: ?PR?CLRBEEPPIN?SYS
*** WARNING L16: UNCALLED SEGMENT, IGNORED FOR OVERLAY PROCESS
    SEGMENT: ?PR?GETSYSPERFORMANCE?SYS
*** WARNING L1: UNRESOLVED EXTERNAL SYMBOL
    SYMBOL:  DECODE_TABLE
    MODULE:  .\source\STCBSP_V3.6.LIB (DISPLAYER)
*** WARNING L2: REFERENCE MADE TO UNRESOLVED EXTERNAL
    SYMBOL:  DECODE_TABLE
    MODULE:  .\source\STCBSP_V3.6.LIB (DISPLAYER)
    ADDRESS: 0CB7H
*** WARNING L2: REFERENCE MADE TO UNRESOLVED EXTERNAL
    SYMBOL:  DECODE_TABLE
    MODULE:  .\source\STCBSP_V3.6.LIB (DISPLAYER)
    ADDRESS: 0CBCH
Program Size: data=48.7 xdata=132 code=3169
creating hex file from ".\output\miaobiao"...
".\output\miaobiao" - 0 Error(s), 10 Warning(s).
Build target 'Target 1'
compiling main.c...
source\main.c(48): warning C206: 'KeyInit': missing function-prototype
linking...
*** WARNING L16: UNCALLED SEGMENT, IGNORED FOR OVERLAY PROCESS
    SEGMENT: ?PR?GETULTRASONIC?SYS
*** WARNING L16: UNCALLED SEGMENT, IGNORED FOR OVERLAY PROCESS
    SEGMENT: ?PR?GETBEEPTIMER?SYS
*** WARNING L16: UNCALLED SEGMENT, IGNORED FOR OVERLAY PROCESS
    SEGMENT: ?PR?_SETBEEPTIMER?SYS
*** WARNING L16: UNCALLED SEGMENT, IGNORED FOR OVERLAY PROCESS
    SEGMENT: ?PR?_SETCCP0?SYS
*** WARNING L16: UNCALLED SEGMENT, IGNORED FOR OVERLAY PROCESS
    SEGMENT: ?PR?CLRBEEPPIN?SYS
*** WARNING L16: UNCALLED SEGMENT, IGNORED FOR OVERLAY PROCESS
    SEGMENT: ?PR?GETSYSPERFORMANCE?SYS
Program Size: data=48.7 xdata=132 code=3224
creating hex file from ".\output\miaobiao"...
".\output\miaobiao" - 0 Error(s), 7 Warning(s).
Build target 'Target 1'
compiling main.c...
source\main.c(48): warning C206: 'KeyInit': missing function-prototype
linking...
*** WARNING L16: UNCALLED SEGMENT, IGNORED FOR OVERLAY PROCESS
    SEGMENT: ?PR?GETULTRASONIC?SYS
*** WARNING L16: UNCALLED SEGMENT, IGNORED FOR OVERLAY PROCESS
    SEGMENT: ?PR?GETBEEPTIMER?SYS
*** WARNING L16: UNCALLED SEGMENT, IGNORED FOR OVERLAY PROCESS
    SEGMENT: ?PR?_SETBEEPTIMER?SYS
*** WARNING L16: UNCALLED SEGMENT, IGNORED FOR OVERLAY PROCESS
    SEGMENT: ?PR?_SETCCP0?SYS
*** WARNING L16: UNCALLED SEGMENT, IGNORED FOR OVERLAY PROCESS
    SEGMENT: ?PR?CLRBEEPPIN?SYS
*** WARNING L16: UNCALLED SEGMENT, IGNORED FOR OVERLAY PROCESS
    SEGMENT: ?PR?GETSYSPERFORMANCE?SYS
Program Size: data=48.7 xdata=132 code=3224
creating hex file from ".\output\miaobiao"...
".\output\miaobiao" - 0 Error(s), 7 Warning(s).
Build target 'Target 1'
compiling main.c...
source\main.c(37): error C129: missing ';' before 'ttt'
Target not created
Build target 'Target 1'
compiling main.c...
source\main.c(37): error C129: missing ';' before 'ttt'
Target not created
