<html>
<body>
<pre>
<h1>Vision Build Log</h1>
<h2>Project:</h2>
D:\0LEARNINGFILES\LEARN\CSTech\STC-B\中期检查\GX_Codes\10-AD光照\STC_Demo.uvproj
Project File Date:  06/30/2022

<h2>Output:</h2>

InitXmlModel(): using folder 'D:\KEIL MDK\ARM\PACK'
Parsing RTE Files ... 
failed.
Build target 'Target 1'
compiling main.c...
source\main.c(33): error C248: aggregate initialization needs curly braces
Target not created
Build target 'Target 1'
compiling main.c...
source\main.c(33): error C248: aggregate initialization needs curly braces
Target not created
Build target 'Target 1'
compiling main.c...
source\main.c(50): warning C209: '_Seg7Print': too few actual parameters
linking...
*** WARNING L16: UNCALLED SEGMENT, IGNORED FOR OVERLAY PROCESS
    SEGMENT: ?PR?_GETADCNAVACT?ADC
*** WARNING L16: UNCALLED SEGMENT, IGNORED FOR OVERLAY PROCESS
    SEGMENT: ?PR?GETBEEPSTATUS?BEEP
*** WARNING L16: UNCALLED SEGMENT, IGNORED FOR OVERLAY PROCESS
    SEGMENT: ?PR?GETULTRASONIC?SYS
*** WARNING L16: UNCALLED SEGMENT, IGNORED FOR OVERLAY PROCESS
    SEGMENT: ?PR?GETSYSPERFORMANCE?SYS
Program Size: data=54.0 xdata=152 code=3765
creating hex file from ".\output\BSP_Demo"...
".\output\BSP_Demo" - 0 Error(s), 5 Warning(s).
